<?xml version="1.0" encoding="UTF-8"?>
<!-- Generated by org.testng.reporters.JUnitReportReporter -->
<testsuite hostname="LAPTOP-KAAPMGIG" failures="0" tests="3" name="testCases.AddCustomer" time="7.287" errors="0" timestamp="2021-06-08T14:20:34 IST" skipped="0">
  <testcase classname="testCases.AddCustomer" name="addCust" time="1.991"/>
  <system-out/>
  <testcase classname="testCases.AddCustomer" name="addCust" time="1.893"/>
  <system-out/>
  <testcase classname="testCases.AddCustomer" name="addCust" time="3.403"/>
  <system-out/>
</testsuite> <!-- testCases.AddCustomer -->
