<?xml version="1.0" encoding="UTF-8"?>
<!-- Generated by org.testng.reporters.JUnitReportReporter -->
<testsuite hostname="LAPTOP-KAAPMGIG" failures="0" tests="1" name="base.baseClass" time="0.472" errors="0" timestamp="2021-06-03T15:16:35 IST" skipped="0">
  <testcase classname="base.baseClass" name="login" time="0.472"/>
  <system-out/>
</testsuite> <!-- base.baseClass -->
