<?xml version="1.0" encoding="UTF-8"?>
<!-- Generated by org.testng.reporters.JUnitReportReporter -->
<testsuite hostname="LAPTOP-KAAPMGIG" failures="0" tests="3" name="testCases.openAccnt" time="11.602" errors="0" timestamp="2021-06-09T13:35:41 IST" skipped="0">
  <testcase classname="testCases.openAccnt" name="openAccount" time="3.906"/>
  <system-out/>
  <testcase classname="testCases.openAccnt" name="openAccount" time="3.840"/>
  <system-out/>
  <testcase classname="testCases.openAccnt" name="openAccount" time="3.856"/>
  <system-out/>
</testsuite> <!-- testCases.openAccnt -->
